<?xml version="1.0" encoding="UTF-8"?>
<!-- Generated by org.testng.reporters.JUnitReportReporter -->
<testsuite hostname="LAPTOP-DAA4P0L3" failures="0" tests="1" name="tests.HomePageTest" time="24.157" errors="0" timestamp="2023-02-02T23:20:39 IST" skipped="0">
  <testcase classname="tests.HomePageTest" name="verifyMouseHoverFunction" time="24.157"/>
  <system-out/>
</testsuite> <!-- tests.HomePageTest -->
